# JRE version: Java(TM) SE Runtime Environment (17.0.11+7) (build 17.0.11+7-LTS-207)
# Java VM: Java HotSpot(TM) 64-Bit Server VM (17.0.11+7-LTS-207, mixed mode, sharing, tiered, compressed oops, compressed class ptrs, g1 gc, windows-amd64)
GC Precious Log:
 CPUs: 12 total, 12 available
 Memory: 7508M
 Large Page Support: Disabled
 NUMA Support: Disabled
 Compressed Oops: Enabled (32-bit)
 Heap Region Size: 1M
 Heap Min Capacity: 8M
 Heap Initial Capacity: 118M
 Heap Max Capacity: 2G
 Pre-touch: Disabled
 Parallel Workers: 10
 Concurrent Workers: 3
 Concurrent Refinement Workers: 10
 Periodic GC: Disabled
Heap:
 garbage-first heap   total 119808K, used 36844K [0x0000000080000000, 0x0000000100000000)
  region size 1024K, 4 young (4096K), 1 survivors (1024K)
 Metaspace       used 36753K, committed 37184K, reserved 491520K
  class space    used 5030K, committed 5248K, reserved 425984K
GC Heap History (20 events):
Event: 8.297 GC heap before
{Heap before GC invocations=3 (full 0):
 garbage-first heap   total 120832K, used 70643K [0x0000000080000000, 0x0000000100000000)
  region size 1024K, 59 young (60416K), 9 survivors (9216K)
 Metaspace       used 21229K, committed 21504K, reserved 491520K
  class space    used 3129K, committed 3264K, reserved 425984K
}
Event: 8.308 GC heap after
{Heap after GC invocations=4 (full 0):
 garbage-first heap   total 120832K, used 23258K [0x0000000080000000, 0x0000000100000000)
  region size 1024K, 3 young (3072K), 3 survivors (3072K)
 Metaspace       used 21229K, committed 21504K, reserved 491520K
  class space    used 3129K, committed 3264K, reserved 425984K
}
Event: 10.152 GC heap before
{Heap before GC invocations=5 (full 0):
 garbage-first heap   total 89088K, used 72410K [0x0000000080000000, 0x0000000100000000)
  region size 1024K, 52 young (53248K), 3 survivors (3072K)
 Metaspace       used 29404K, committed 29760K, reserved 491520K
  class space    used 4200K, committed 4352K, reserved 425984K
}
Event: 10.158 GC heap after
{Heap after GC invocations=6 (full 0):
 garbage-first heap   total 89088K, used 27238K [0x0000000080000000, 0x0000000100000000)
  region size 1024K, 7 young (7168K), 7 survivors (7168K)
 Metaspace       used 29404K, committed 29760K, reserved 491520K
  class space    used 4200K, committed 4352K, reserved 425984K
}
Event: 14.789 GC heap before
{Heap before GC invocations=6 (full 0):
 garbage-first heap   total 89088K, used 69222K [0x0000000080000000, 0x0000000100000000)
  region size 1024K, 44 young (45056K), 7 survivors (7168K)
 Metaspace       used 33019K, committed 33408K, reserved 491520K
  class space    used 4568K, committed 4736K, reserved 425984K
}
Event: 14.807 GC heap after
{Heap after GC invocations=7 (full 0):
 garbage-first heap   total 89088K, used 29999K [0x0000000080000000, 0x0000000100000000)
  region size 1024K, 4 young (4096K), 4 survivors (4096K)
 Metaspace       used 33019K, committed 33408K, reserved 491520K
  class space    used 4568K, committed 4736K, reserved 425984K
}
Event: 65.762 GC heap before
{Heap before GC invocations=7 (full 0):
 garbage-first heap   total 89088K, used 65839K [0x0000000080000000, 0x0000000100000000)
  region size 1024K, 39 young (39936K), 4 survivors (4096K)
 Metaspace       used 34762K, committed 35200K, reserved 491520K
  class space    used 4805K, committed 4992K, reserved 425984K
}
Event: 66.868 GC heap after
{Heap after GC invocations=8 (full 0):
 garbage-first heap   total 89088K, used 32662K [0x0000000080000000, 0x0000000100000000)
  region size 1024K, 3 young (3072K), 3 survivors (3072K)
 Metaspace       used 34762K, committed 35200K, reserved 491520K
  class space    used 4805K, committed 4992K, reserved 425984K
}
Event: 67.192 GC heap before
{Heap before GC invocations=8 (full 0):
 garbage-first heap   total 89088K, used 33686K [0x0000000080000000, 0x0000000100000000)
  region size 1024K, 4 young (4096K), 3 survivors (3072K)
 Metaspace       used 34762K, committed 35200K, reserved 491520K
  class space    used 4805K, committed 4992K, reserved 425984K
}
Event: 67.259 GC heap after
{Heap after GC invocations=9 (full 0):
 garbage-first heap   total 89088K, used 32921K [0x0000000080000000, 0x0000000100000000)
  region size 1024K, 1 young (1024K), 1 survivors (1024K)
 Metaspace       used 34762K, committed 35200K, reserved 491520K
  class space    used 4805K, committed 4992K, reserved 425984K
}
Event: 133.949 GC heap before
{Heap before GC invocations=9 (full 0):
 garbage-first heap   total 89088K, used 45209K [0x0000000080000000, 0x0000000100000000)
  region size 1024K, 14 young (14336K), 1 survivors (1024K)
 Metaspace       used 35863K, committed 36288K, reserved 491520K
  class space    used 4969K, committed 5184K, reserved 425984K
}
Event: 135.557 GC heap after
{Heap after GC invocations=10 (full 0):
 garbage-first heap   total 178176K, used 33620K [0x0000000080000000, 0x0000000100000000)
  region size 1024K, 1 young (1024K), 1 survivors (1024K)
 Metaspace       used 35863K, committed 36288K, reserved 491520K
  class space    used 4969K, committed 5184K, reserved 425984K
}
Event: 155.027 GC heap before
{Heap before GC invocations=11 (full 0):
 garbage-first heap   total 119808K, used 37716K [0x0000000080000000, 0x0000000100000000)
  region size 1024K, 5 young (5120K), 1 survivors (1024K)
 Metaspace       used 36143K, committed 36608K, reserved 491520K
  class space    used 5018K, committed 5248K, reserved 425984K
}
Event: 156.628 GC heap after
{Heap after GC invocations=12 (full 0):
 garbage-first heap   total 119808K, used 33824K [0x0000000080000000, 0x0000000100000000)
  region size 1024K, 1 young (1024K), 1 survivors (1024K)
 Metaspace       used 36143K, committed 36608K, reserved 491520K
  class space    used 5018K, committed 5248K, reserved 425984K
}
Event: 157.672 GC heap before
{Heap before GC invocations=12 (full 0):
 garbage-first heap   total 119808K, used 37920K [0x0000000080000000, 0x0000000100000000)
  region size 1024K, 5 young (5120K), 1 survivors (1024K)
 Metaspace       used 36143K, committed 36608K, reserved 491520K
  class space    used 5018K, committed 5248K, reserved 425984K
}
Event: 160.241 GC heap after
{Heap after GC invocations=13 (full 0):
 garbage-first heap   total 119808K, used 33752K [0x0000000080000000, 0x0000000100000000)
  region size 1024K, 1 young (1024K), 1 survivors (1024K)
 Metaspace       used 36143K, committed 36608K, reserved 491520K
  class space    used 5018K, committed 5248K, reserved 425984K
}
Event: 163.241 GC heap before
{Heap before GC invocations=13 (full 0):
 garbage-first heap   total 119808K, used 37848K [0x0000000080000000, 0x0000000100000000)
  region size 1024K, 5 young (5120K), 1 survivors (1024K)
 Metaspace       used 36146K, committed 36608K, reserved 491520K
  class space    used 5018K, committed 5248K, reserved 425984K
}
Event: 164.296 GC heap after
{Heap after GC invocations=14 (full 0):
 garbage-first heap   total 119808K, used 33747K [0x0000000080000000, 0x0000000100000000)
  region size 1024K, 1 young (1024K), 1 survivors (1024K)
 Metaspace       used 36146K, committed 36608K, reserved 491520K
  class space    used 5018K, committed 5248K, reserved 425984K
}
Event: 170.529 GC heap before
{Heap before GC invocations=14 (full 0):
 garbage-first heap   total 119808K, used 37843K [0x0000000080000000, 0x0000000100000000)
  region size 1024K, 5 young (5120K), 1 survivors (1024K)
 Metaspace       used 36170K, committed 36672K, reserved 491520K
  class space    used 5022K, committed 5248K, reserved 425984K
}
Event: 171.149 GC heap after
{Heap after GC invocations=15 (full 0):
 garbage-first heap   total 119808K, used 33772K [0x0000000080000000, 0x0000000100000000)
  region size 1024K, 1 young (1024K), 1 survivors (1024K)
 Metaspace       used 36170K, committed 36672K, reserved 491520K
  class space    used 5022K, committed 5248K, reserved 425984K
}

