# JRE version: Java(TM) SE Runtime Environment (17.0.11+7) (build 17.0.11+7-LTS-207)
# Java VM: Java HotSpot(TM) 64-Bit Server VM (17.0.11+7-LTS-207, mixed mode, sharing, tiered, compressed oops, compressed class ptrs, g1 gc, windows-amd64)
GC Precious Log:
 CPUs: 12 total, 12 available
 Memory: 7508M
 Large Page Support: Disabled
 NUMA Support: Disabled
 Compressed Oops: Enabled (32-bit)
 Heap Region Size: 1M
 Heap Min Capacity: 8M
 Heap Initial Capacity: 118M
 Heap Max Capacity: 2G
 Pre-touch: Disabled
 Parallel Workers: 10
 Concurrent Workers: 3
 Concurrent Refinement Workers: 10
 Periodic GC: Disabled
Heap:
 garbage-first heap   total 86016K, used 29060K [0x0000000080000000, 0x0000000100000000)
  region size 1024K, 2 young (2048K), 1 survivors (1024K)
 Metaspace       used 31866K, committed 32256K, reserved 491520K
  class space    used 4493K, committed 4672K, reserved 425984K
GC Heap History (16 events):
Event: 1.409 GC heap before
{Heap before GC invocations=0 (full 0):
 garbage-first heap   total 120832K, used 26624K [0x0000000080000000, 0x0000000100000000)
  region size 1024K, 23 young (23552K), 0 survivors (0K)
 Metaspace       used 2962K, committed 3072K, reserved 491520K
  class space    used 380K, committed 448K, reserved 425984K
}
Event: 1.416 GC heap after
{Heap after GC invocations=1 (full 0):
 garbage-first heap   total 120832K, used 10640K [0x0000000080000000, 0x0000000100000000)
  region size 1024K, 3 young (3072K), 3 survivors (3072K)
 Metaspace       used 2962K, committed 3072K, reserved 491520K
  class space    used 380K, committed 448K, reserved 425984K
}
Event: 2.113 GC heap before
{Heap before GC invocations=1 (full 0):
 garbage-first heap   total 120832K, used 38288K [0x0000000080000000, 0x0000000100000000)
  region size 1024K, 30 young (30720K), 3 survivors (3072K)
 Metaspace       used 3990K, committed 4160K, reserved 491520K
  class space    used 491K, committed 576K, reserved 425984K
}
Event: 2.118 GC heap after
{Heap after GC invocations=2 (full 0):
 garbage-first heap   total 120832K, used 11522K [0x0000000080000000, 0x0000000100000000)
  region size 1024K, 1 young (1024K), 1 survivors (1024K)
 Metaspace       used 3990K, committed 4160K, reserved 491520K
  class space    used 491K, committed 576K, reserved 425984K
}
Event: 21.261 GC heap before
{Heap before GC invocations=2 (full 0):
 garbage-first heap   total 120832K, used 76034K [0x0000000080000000, 0x0000000100000000)
  region size 1024K, 63 young (64512K), 1 survivors (1024K)
 Metaspace       used 13730K, committed 14016K, reserved 491520K
  class space    used 1916K, committed 2048K, reserved 425984K
}
Event: 22.020 GC heap after
{Heap after GC invocations=3 (full 0):
 garbage-first heap   total 120832K, used 19754K [0x0000000080000000, 0x0000000100000000)
  region size 1024K, 8 young (8192K), 8 survivors (8192K)
 Metaspace       used 13730K, committed 14016K, reserved 491520K
  class space    used 1916K, committed 2048K, reserved 425984K
}
Event: 30.874 GC heap before
{Heap before GC invocations=3 (full 0):
 garbage-first heap   total 120832K, used 74026K [0x0000000080000000, 0x0000000100000000)
  region size 1024K, 61 young (62464K), 8 survivors (8192K)
 Metaspace       used 21041K, committed 21312K, reserved 491520K
  class space    used 3065K, committed 3200K, reserved 425984K
}
Event: 30.881 GC heap after
{Heap after GC invocations=4 (full 0):
 garbage-first heap   total 120832K, used 23343K [0x0000000080000000, 0x0000000100000000)
  region size 1024K, 4 young (4096K), 4 survivors (4096K)
 Metaspace       used 21041K, committed 21312K, reserved 491520K
  class space    used 3065K, committed 3200K, reserved 425984K
}
Event: 30.933 GC heap before
{Heap before GC invocations=4 (full 0):
 garbage-first heap   total 120832K, used 25391K [0x0000000080000000, 0x0000000100000000)
  region size 1024K, 7 young (7168K), 4 survivors (4096K)
 Metaspace       used 21297K, committed 21504K, reserved 491520K
  class space    used 3115K, committed 3200K, reserved 425984K
}
Event: 30.940 GC heap after
{Heap after GC invocations=5 (full 0):
 garbage-first heap   total 120832K, used 23286K [0x0000000080000000, 0x0000000100000000)
  region size 1024K, 4 young (4096K), 4 survivors (4096K)
 Metaspace       used 21297K, committed 21504K, reserved 491520K
  class space    used 3115K, committed 3200K, reserved 425984K
}
Event: 32.397 GC heap before
{Heap before GC invocations=6 (full 0):
 garbage-first heap   total 86016K, used 69366K [0x0000000080000000, 0x0000000100000000)
  region size 1024K, 50 young (51200K), 4 survivors (4096K)
 Metaspace       used 29031K, committed 29376K, reserved 491520K
  class space    used 4131K, committed 4288K, reserved 425984K
}
Event: 32.418 GC heap after
{Heap after GC invocations=7 (full 0):
 garbage-first heap   total 86016K, used 26701K [0x0000000080000000, 0x0000000100000000)
  region size 1024K, 7 young (7168K), 7 survivors (7168K)
 Metaspace       used 29031K, committed 29376K, reserved 491520K
  class space    used 4131K, committed 4288K, reserved 425984K
}
Event: 154.157 GC heap before
{Heap before GC invocations=7 (full 0):
 garbage-first heap   total 86016K, used 62541K [0x0000000080000000, 0x0000000100000000)
  region size 1024K, 43 young (44032K), 7 survivors (7168K)
 Metaspace       used 31633K, committed 32000K, reserved 491520K
  class space    used 4451K, committed 4672K, reserved 425984K
}
Event: 157.755 GC heap after
{Heap after GC invocations=8 (full 0):
 garbage-first heap   total 86016K, used 29169K [0x0000000080000000, 0x0000000100000000)
  region size 1024K, 3 young (3072K), 3 survivors (3072K)
 Metaspace       used 31633K, committed 32000K, reserved 491520K
  class space    used 4451K, committed 4672K, reserved 425984K
}
Event: 162.372 GC heap before
{Heap before GC invocations=8 (full 0):
 garbage-first heap   total 86016K, used 30193K [0x0000000080000000, 0x0000000100000000)
  region size 1024K, 4 young (4096K), 3 survivors (3072K)
 Metaspace       used 31727K, committed 32128K, reserved 491520K
  class space    used 4467K, committed 4672K, reserved 425984K
}
Event: 162.374 GC heap after
{Heap after GC invocations=9 (full 0):
 garbage-first heap   total 86016K, used 29060K [0x0000000080000000, 0x0000000100000000)
  region size 1024K, 1 young (1024K), 1 survivors (1024K)
 Metaspace       used 31727K, committed 32128K, reserved 491520K
  class space    used 4467K, committed 4672K, reserved 425984K
}

