# JRE version: Java(TM) SE Runtime Environment (17.0.11+7) (build 17.0.11+7-LTS-207)
# Java VM: Java HotSpot(TM) 64-Bit Server VM (17.0.11+7-LTS-207, mixed mode, sharing, tiered, compressed oops, compressed class ptrs, g1 gc, windows-amd64)
GC Precious Log:
 CPUs: 12 total, 12 available
 Memory: 7508M
 Large Page Support: Disabled
 NUMA Support: Disabled
 Compressed Oops: Enabled (32-bit)
 Heap Region Size: 1M
 Heap Min Capacity: 8M
 Heap Initial Capacity: 118M
 Heap Max Capacity: 2G
 Pre-touch: Disabled
 Parallel Workers: 10
 Concurrent Workers: 3
 Concurrent Refinement Workers: 10
 Periodic GC: Disabled
Heap:
 garbage-first heap   total 86016K, used 33482K [0x0000000080000000, 0x0000000100000000)
  region size 1024K, 1 young (1024K), 1 survivors (1024K)
 Metaspace       used 35882K, committed 36352K, reserved 491520K
  class space    used 4979K, committed 5184K, reserved 425984K
GC Heap History (19 events):
Event: 0.626 GC heap before
{Heap before GC invocations=0 (full 0):
 garbage-first heap   total 120832K, used 26624K [0x0000000080000000, 0x0000000100000000)
  region size 1024K, 23 young (23552K), 0 survivors (0K)
 Metaspace       used 3032K, committed 3200K, reserved 491520K
  class space    used 388K, committed 448K, reserved 425984K
}
Event: 0.965 GC heap after
{Heap after GC invocations=1 (full 0):
 garbage-first heap   total 120832K, used 10560K [0x0000000080000000, 0x0000000100000000)
  region size 1024K, 3 young (3072K), 3 survivors (3072K)
 Metaspace       used 3032K, committed 3200K, reserved 491520K
  class space    used 388K, committed 448K, reserved 425984K
}
Event: 1.444 GC heap before
{Heap before GC invocations=1 (full 0):
 garbage-first heap   total 120832K, used 38208K [0x0000000080000000, 0x0000000100000000)
  region size 1024K, 30 young (30720K), 3 survivors (3072K)
 Metaspace       used 4000K, committed 4160K, reserved 491520K
  class space    used 492K, committed 576K, reserved 425984K
}
Event: 1.450 GC heap after
{Heap after GC invocations=2 (full 0):
 garbage-first heap   total 120832K, used 12193K [0x0000000080000000, 0x0000000100000000)
  region size 1024K, 1 young (1024K), 1 survivors (1024K)
 Metaspace       used 4000K, committed 4160K, reserved 491520K
  class space    used 492K, committed 576K, reserved 425984K
}
Event: 6.873 GC heap before
{Heap before GC invocations=2 (full 0):
 garbage-first heap   total 120832K, used 83873K [0x0000000080000000, 0x0000000100000000)
  region size 1024K, 70 young (71680K), 1 survivors (1024K)
 Metaspace       used 14859K, committed 15168K, reserved 491520K
  class space    used 2085K, committed 2240K, reserved 425984K
}
Event: 6.984 GC heap after
{Heap after GC invocations=3 (full 0):
 garbage-first heap   total 120832K, used 21223K [0x0000000080000000, 0x0000000100000000)
  region size 1024K, 9 young (9216K), 9 survivors (9216K)
 Metaspace       used 14859K, committed 15168K, reserved 491520K
  class space    used 2085K, committed 2240K, reserved 425984K
}
Event: 9.205 GC heap before
{Heap before GC invocations=3 (full 0):
 garbage-first heap   total 120832K, used 70375K [0x0000000080000000, 0x0000000100000000)
  region size 1024K, 58 young (59392K), 9 survivors (9216K)
 Metaspace       used 21251K, committed 21504K, reserved 491520K
  class space    used 3127K, committed 3264K, reserved 425984K
}
Event: 9.211 GC heap after
{Heap after GC invocations=4 (full 0):
 garbage-first heap   total 120832K, used 23398K [0x0000000080000000, 0x0000000100000000)
  region size 1024K, 3 young (3072K), 3 survivors (3072K)
 Metaspace       used 21251K, committed 21504K, reserved 491520K
  class space    used 3127K, committed 3264K, reserved 425984K
}
Event: 13.465 GC heap before
{Heap before GC invocations=5 (full 0):
 garbage-first heap   total 86016K, used 69478K [0x0000000080000000, 0x0000000100000000)
  region size 1024K, 50 young (51200K), 3 survivors (3072K)
 Metaspace       used 29336K, committed 29696K, reserved 491520K
  class space    used 4191K, committed 4352K, reserved 425984K
}
Event: 13.474 GC heap after
{Heap after GC invocations=6 (full 0):
 garbage-first heap   total 86016K, used 26955K [0x0000000080000000, 0x0000000100000000)
  region size 1024K, 7 young (7168K), 7 survivors (7168K)
 Metaspace       used 29336K, committed 29696K, reserved 491520K
  class space    used 4191K, committed 4352K, reserved 425984K
}
Event: 18.935 GC heap before
{Heap before GC invocations=6 (full 0):
 garbage-first heap   total 86016K, used 60747K [0x0000000080000000, 0x0000000100000000)
  region size 1024K, 41 young (41984K), 7 survivors (7168K)
 Metaspace       used 31896K, committed 32256K, reserved 491520K
  class space    used 4502K, committed 4672K, reserved 425984K
}
Event: 18.946 GC heap after
{Heap after GC invocations=7 (full 0):
 garbage-first heap   total 86016K, used 30267K [0x0000000080000000, 0x0000000100000000)
  region size 1024K, 4 young (4096K), 4 survivors (4096K)
 Metaspace       used 31896K, committed 32256K, reserved 491520K
  class space    used 4502K, committed 4672K, reserved 425984K
}
Event: 50.314 GC heap before
{Heap before GC invocations=7 (full 0):
 garbage-first heap   total 86016K, used 67131K [0x0000000080000000, 0x0000000100000000)
  region size 1024K, 36 young (36864K), 4 survivors (4096K)
 Metaspace       used 34486K, committed 34880K, reserved 491520K
  class space    used 4761K, committed 4928K, reserved 425984K
}
Event: 50.490 GC heap after
{Heap after GC invocations=8 (full 0):
 garbage-first heap   total 86016K, used 32194K [0x0000000080000000, 0x0000000100000000)
  region size 1024K, 3 young (3072K), 3 survivors (3072K)
 Metaspace       used 34486K, committed 34880K, reserved 491520K
  class space    used 4761K, committed 4928K, reserved 425984K
}
Event: 98.773 GC heap before
{Heap before GC invocations=8 (full 0):
 garbage-first heap   total 86016K, used 48578K [0x0000000080000000, 0x0000000100000000)
  region size 1024K, 20 young (20480K), 3 survivors (3072K)
 Metaspace       used 35549K, committed 35968K, reserved 491520K
  class space    used 4911K, committed 5120K, reserved 425984K
}
Event: 99.801 GC heap after
{Heap after GC invocations=9 (full 0):
 garbage-first heap   total 86016K, used 33374K [0x0000000080000000, 0x0000000100000000)
  region size 1024K, 4 young (4096K), 4 survivors (4096K)
 Metaspace       used 35549K, committed 35968K, reserved 491520K
  class space    used 4911K, committed 5120K, reserved 425984K
}
Event: 103.960 GC heap before
{Heap before GC invocations=10 (full 0):
 garbage-first heap   total 86016K, used 34398K [0x0000000080000000, 0x0000000100000000)
  region size 1024K, 5 young (5120K), 4 survivors (4096K)
 Metaspace       used 35617K, committed 36032K, reserved 491520K
  class space    used 4932K, committed 5120K, reserved 425984K
}
Event: 104.415 GC heap after
{Heap after GC invocations=11 (full 0):
 garbage-first heap   total 86016K, used 33760K [0x0000000080000000, 0x0000000100000000)
  region size 1024K, 1 young (1024K), 1 survivors (1024K)
 Metaspace       used 35617K, committed 36032K, reserved 491520K
  class space    used 4932K, committed 5120K, reserved 425984K
}
Event: 106.719 GC heap before
{Heap before GC invocations=11 (full 0):
 garbage-first heap   total 86016K, used 36832K [0x0000000080000000, 0x0000000100000000)
  region size 1024K, 4 young (4096K), 1 survivors (1024K)
 Metaspace       used 35882K, committed 36352K, reserved 491520K
  class space    used 4979K, committed 5184K, reserved 425984K
}

