# JRE version: Java(TM) SE Runtime Environment (17.0.11+7) (build 17.0.11+7-LTS-207)
# Java VM: Java HotSpot(TM) 64-Bit Server VM (17.0.11+7-LTS-207, mixed mode, sharing, tiered, compressed oops, compressed class ptrs, g1 gc, windows-amd64)
GC Precious Log:
 CPUs: 12 total, 12 available
 Memory: 7508M
 Large Page Support: Disabled
 NUMA Support: Disabled
 Compressed Oops: Enabled (32-bit)
 Heap Region Size: 1M
 Heap Min Capacity: 8M
 Heap Initial Capacity: 118M
 Heap Max Capacity: 2G
 Pre-touch: Disabled
 Parallel Workers: 10
 Concurrent Workers: 3
 Concurrent Refinement Workers: 10
 Periodic GC: Disabled
Heap:
 garbage-first heap   total 86016K, used 47778K [0x0000000080000000, 0x0000000100000000)
  region size 1024K, 17 young (17408K), 3 survivors (3072K)
 Metaspace       used 33369K, committed 33792K, reserved 491520K
  class space    used 4598K, committed 4800K, reserved 425984K
GC Heap History (12 events):
Event: 1.598 GC heap before
{Heap before GC invocations=0 (full 0):
 garbage-first heap   total 120832K, used 26624K [0x0000000080000000, 0x0000000100000000)
  region size 1024K, 23 young (23552K), 0 survivors (0K)
 Metaspace       used 3031K, committed 3200K, reserved 491520K
  class space    used 388K, committed 448K, reserved 425984K
}
Event: 1.604 GC heap after
{Heap after GC invocations=1 (full 0):
 garbage-first heap   total 120832K, used 10568K [0x0000000080000000, 0x0000000100000000)
  region size 1024K, 3 young (3072K), 3 survivors (3072K)
 Metaspace       used 3031K, committed 3200K, reserved 491520K
  class space    used 388K, committed 448K, reserved 425984K
}
Event: 2.198 GC heap before
{Heap before GC invocations=1 (full 0):
 garbage-first heap   total 120832K, used 38216K [0x0000000080000000, 0x0000000100000000)
  region size 1024K, 30 young (30720K), 3 survivors (3072K)
 Metaspace       used 3994K, committed 4160K, reserved 491520K
  class space    used 492K, committed 576K, reserved 425984K
}
Event: 2.202 GC heap after
{Heap after GC invocations=2 (full 0):
 garbage-first heap   total 120832K, used 11431K [0x0000000080000000, 0x0000000100000000)
  region size 1024K, 1 young (1024K), 1 survivors (1024K)
 Metaspace       used 3994K, committed 4160K, reserved 491520K
  class space    used 492K, committed 576K, reserved 425984K
}
Event: 18.478 GC heap before
{Heap before GC invocations=2 (full 0):
 garbage-first heap   total 120832K, used 82087K [0x0000000080000000, 0x0000000100000000)
  region size 1024K, 70 young (71680K), 1 survivors (1024K)
 Metaspace       used 14814K, committed 15104K, reserved 491520K
  class space    used 2062K, committed 2176K, reserved 425984K
}
Event: 18.709 GC heap after
{Heap after GC invocations=3 (full 0):
 garbage-first heap   total 120832K, used 20420K [0x0000000080000000, 0x0000000100000000)
  region size 1024K, 9 young (9216K), 9 survivors (9216K)
 Metaspace       used 14814K, committed 15104K, reserved 491520K
  class space    used 2062K, committed 2176K, reserved 425984K
}
Event: 23.098 GC heap before
{Heap before GC invocations=3 (full 0):
 garbage-first heap   total 120832K, used 70596K [0x0000000080000000, 0x0000000100000000)
  region size 1024K, 59 young (60416K), 9 survivors (9216K)
 Metaspace       used 21293K, committed 21504K, reserved 491520K
  class space    used 3109K, committed 3200K, reserved 425984K
}
Event: 23.157 GC heap after
{Heap after GC invocations=4 (full 0):
 garbage-first heap   total 120832K, used 23515K [0x0000000080000000, 0x0000000100000000)
  region size 1024K, 4 young (4096K), 4 survivors (4096K)
 Metaspace       used 21293K, committed 21504K, reserved 491520K
  class space    used 3109K, committed 3200K, reserved 425984K
}
Event: 44.427 GC heap before
{Heap before GC invocations=5 (full 0):
 garbage-first heap   total 86016K, used 69595K [0x0000000080000000, 0x0000000100000000)
  region size 1024K, 50 young (51200K), 4 survivors (4096K)
 Metaspace       used 29086K, committed 29440K, reserved 491520K
  class space    used 4126K, committed 4288K, reserved 425984K
}
Event: 44.434 GC heap after
{Heap after GC invocations=6 (full 0):
 garbage-first heap   total 86016K, used 26743K [0x0000000080000000, 0x0000000100000000)
  region size 1024K, 7 young (7168K), 7 survivors (7168K)
 Metaspace       used 29086K, committed 29440K, reserved 491520K
  class space    used 4126K, committed 4288K, reserved 425984K
}
Event: 96.944 GC heap before
{Heap before GC invocations=6 (full 0):
 garbage-first heap   total 86016K, used 61559K [0x0000000080000000, 0x0000000100000000)
  region size 1024K, 42 young (43008K), 7 survivors (7168K)
 Metaspace       used 31860K, committed 32256K, reserved 491520K
  class space    used 4482K, committed 4672K, reserved 425984K
}
Event: 97.084 GC heap after
{Heap after GC invocations=7 (full 0):
 garbage-first heap   total 86016K, used 29346K [0x0000000080000000, 0x0000000100000000)
  region size 1024K, 3 young (3072K), 3 survivors (3072K)
 Metaspace       used 31860K, committed 32256K, reserved 491520K
  class space    used 4482K, committed 4672K, reserved 425984K
}

