# JRE version: Java(TM) SE Runtime Environment (17.0.11+7) (build 17.0.11+7-LTS-207)
# Java VM: Java HotSpot(TM) 64-Bit Server VM (17.0.11+7-LTS-207, mixed mode, sharing, tiered, compressed oops, compressed class ptrs, g1 gc, windows-amd64)
GC Precious Log:
 CPUs: 12 total, 12 available
 Memory: 7508M
 Large Page Support: Disabled
 NUMA Support: Disabled
 Compressed Oops: Enabled (32-bit)
 Heap Region Size: 1M
 Heap Min Capacity: 8M
 Heap Initial Capacity: 118M
 Heap Max Capacity: 2G
 Pre-touch: Disabled
 Parallel Workers: 10
 Concurrent Workers: 3
 Concurrent Refinement Workers: 10
 Periodic GC: Disabled
Heap:
 garbage-first heap   total 116736K, used 35412K [0x0000000080000000, 0x0000000100000000)
  region size 1024K, 5 young (5120K), 2 survivors (2048K)
 Metaspace       used 35781K, committed 36288K, reserved 491520K
  class space    used 4966K, committed 5184K, reserved 425984K
GC Heap History (14 events):
Event: 1.087 GC heap before
{Heap before GC invocations=0 (full 0):
 garbage-first heap   total 120832K, used 26624K [0x0000000080000000, 0x0000000100000000)
  region size 1024K, 23 young (23552K), 0 survivors (0K)
 Metaspace       used 3029K, committed 3136K, reserved 491520K
  class space    used 388K, committed 448K, reserved 425984K
}
Event: 1.359 GC heap after
{Heap after GC invocations=1 (full 0):
 garbage-first heap   total 120832K, used 10528K [0x0000000080000000, 0x0000000100000000)
  region size 1024K, 3 young (3072K), 3 survivors (3072K)
 Metaspace       used 3029K, committed 3136K, reserved 491520K
  class space    used 388K, committed 448K, reserved 425984K
}
Event: 1.917 GC heap before
{Heap before GC invocations=1 (full 0):
 garbage-first heap   total 120832K, used 38176K [0x0000000080000000, 0x0000000100000000)
  region size 1024K, 30 young (30720K), 3 survivors (3072K)
 Metaspace       used 4002K, committed 4160K, reserved 491520K
  class space    used 492K, committed 576K, reserved 425984K
}
Event: 1.923 GC heap after
{Heap after GC invocations=2 (full 0):
 garbage-first heap   total 120832K, used 11820K [0x0000000080000000, 0x0000000100000000)
  region size 1024K, 1 young (1024K), 1 survivors (1024K)
 Metaspace       used 4002K, committed 4160K, reserved 491520K
  class space    used 492K, committed 576K, reserved 425984K
}
Event: 7.709 GC heap before
{Heap before GC invocations=2 (full 0):
 garbage-first heap   total 120832K, used 82476K [0x0000000080000000, 0x0000000100000000)
  region size 1024K, 70 young (71680K), 1 survivors (1024K)
 Metaspace       used 14698K, committed 14976K, reserved 491520K
  class space    used 2050K, committed 2176K, reserved 425984K
}
Event: 7.868 GC heap after
{Heap after GC invocations=3 (full 0):
 garbage-first heap   total 120832K, used 20264K [0x0000000080000000, 0x0000000100000000)
  region size 1024K, 9 young (9216K), 9 survivors (9216K)
 Metaspace       used 14698K, committed 14976K, reserved 491520K
  class space    used 2050K, committed 2176K, reserved 425984K
}
Event: 9.990 GC heap before
{Heap before GC invocations=3 (full 0):
 garbage-first heap   total 120832K, used 70440K [0x0000000080000000, 0x0000000100000000)
  region size 1024K, 59 young (60416K), 9 survivors (9216K)
 Metaspace       used 21253K, committed 21504K, reserved 491520K
  class space    used 3126K, committed 3264K, reserved 425984K
}
Event: 9.995 GC heap after
{Heap after GC invocations=4 (full 0):
 garbage-first heap   total 120832K, used 23323K [0x0000000080000000, 0x0000000100000000)
  region size 1024K, 3 young (3072K), 3 survivors (3072K)
 Metaspace       used 21253K, committed 21504K, reserved 491520K
  class space    used 3126K, committed 3264K, reserved 425984K
}
Event: 12.960 GC heap before
{Heap before GC invocations=5 (full 0):
 garbage-first heap   total 81920K, used 66331K [0x0000000080000000, 0x0000000100000000)
  region size 1024K, 47 young (48128K), 3 survivors (3072K)
 Metaspace       used 28734K, committed 29056K, reserved 491520K
  class space    used 4097K, committed 4224K, reserved 425984K
}
Event: 12.965 GC heap after
{Heap after GC invocations=6 (full 0):
 garbage-first heap   total 163840K, used 26560K [0x0000000080000000, 0x0000000100000000)
  region size 1024K, 6 young (6144K), 6 survivors (6144K)
 Metaspace       used 28734K, committed 29056K, reserved 491520K
  class space    used 4097K, committed 4224K, reserved 425984K
}
Event: 162.930 GC heap before
{Heap before GC invocations=6 (full 0):
 garbage-first heap   total 163840K, used 118720K [0x0000000080000000, 0x0000000100000000)
  region size 1024K, 93 young (95232K), 6 survivors (6144K)
 Metaspace       used 35545K, committed 35968K, reserved 491520K
  class space    used 4918K, committed 5120K, reserved 425984K
}
Event: 170.543 GC heap after
{Heap after GC invocations=7 (full 0):
 garbage-first heap   total 163840K, used 33197K [0x0000000080000000, 0x0000000100000000)
  region size 1024K, 12 young (12288K), 12 survivors (12288K)
 Metaspace       used 35545K, committed 35968K, reserved 491520K
  class space    used 4918K, committed 5120K, reserved 425984K
}
Event: 177.950 GC heap before
{Heap before GC invocations=7 (full 0):
 garbage-first heap   total 116736K, used 34221K [0x0000000080000000, 0x0000000100000000)
  region size 1024K, 13 young (13312K), 12 survivors (12288K)
 Metaspace       used 35604K, committed 36032K, reserved 491520K
  class space    used 4935K, committed 5120K, reserved 425984K
}
Event: 179.727 GC heap after
{Heap after GC invocations=8 (full 0):
 garbage-first heap   total 116736K, used 34388K [0x0000000080000000, 0x0000000100000000)
  region size 1024K, 2 young (2048K), 2 survivors (2048K)
 Metaspace       used 35604K, committed 36032K, reserved 491520K
  class space    used 4935K, committed 5120K, reserved 425984K
}

