# JRE version: Java(TM) SE Runtime Environment (17.0.11+7) (build 17.0.11+7-LTS-207)
# Java VM: Java HotSpot(TM) 64-Bit Server VM (17.0.11+7-LTS-207, mixed mode, sharing, tiered, compressed oops, compressed class ptrs, g1 gc, windows-amd64)
GC Precious Log:
 CPUs: 12 total, 12 available
 Memory: 7508M
 Large Page Support: Disabled
 NUMA Support: Disabled
 Compressed Oops: Enabled (32-bit)
 Heap Region Size: 1M
 Heap Min Capacity: 8M
 Heap Initial Capacity: 118M
 Heap Max Capacity: 2G
 Pre-touch: Disabled
 Parallel Workers: 10
 Concurrent Workers: 3
 Concurrent Refinement Workers: 10
 Periodic GC: Disabled
Heap:
 garbage-first heap   total 99328K, used 71066K [0x0000000080000000, 0x0000000100000000)
  region size 1024K, 47 young (48128K), 8 survivors (8192K)
 Metaspace       used 33284K, committed 33728K, reserved 491520K
  class space    used 4604K, committed 4800K, reserved 425984K
GC Heap History (10 events):
Event: 0.720 GC heap before
{Heap before GC invocations=0 (full 0):
 garbage-first heap   total 120832K, used 26624K [0x0000000080000000, 0x0000000100000000)
  region size 1024K, 23 young (23552K), 0 survivors (0K)
 Metaspace       used 3025K, committed 3136K, reserved 491520K
  class space    used 388K, committed 448K, reserved 425984K
}
Event: 0.901 GC heap after
{Heap after GC invocations=1 (full 0):
 garbage-first heap   total 120832K, used 10560K [0x0000000080000000, 0x0000000100000000)
  region size 1024K, 3 young (3072K), 3 survivors (3072K)
 Metaspace       used 3025K, committed 3136K, reserved 491520K
  class space    used 388K, committed 448K, reserved 425984K
}
Event: 1.577 GC heap before
{Heap before GC invocations=1 (full 0):
 garbage-first heap   total 120832K, used 38208K [0x0000000080000000, 0x0000000100000000)
  region size 1024K, 30 young (30720K), 3 survivors (3072K)
 Metaspace       used 3998K, committed 4160K, reserved 491520K
  class space    used 492K, committed 576K, reserved 425984K
}
Event: 1.583 GC heap after
{Heap after GC invocations=2 (full 0):
 garbage-first heap   total 120832K, used 11861K [0x0000000080000000, 0x0000000100000000)
  region size 1024K, 1 young (1024K), 1 survivors (1024K)
 Metaspace       used 3998K, committed 4160K, reserved 491520K
  class space    used 492K, committed 576K, reserved 425984K
}
Event: 5.804 GC heap before
{Heap before GC invocations=2 (full 0):
 garbage-first heap   total 120832K, used 83541K [0x0000000080000000, 0x0000000100000000)
  region size 1024K, 70 young (71680K), 1 survivors (1024K)
 Metaspace       used 14727K, committed 14976K, reserved 491520K
  class space    used 2058K, committed 2176K, reserved 425984K
}
Event: 5.989 GC heap after
{Heap after GC invocations=3 (full 0):
 garbage-first heap   total 120832K, used 20480K [0x0000000080000000, 0x0000000100000000)
  region size 1024K, 9 young (9216K), 9 survivors (9216K)
 Metaspace       used 14727K, committed 14976K, reserved 491520K
  class space    used 2058K, committed 2176K, reserved 425984K
}
Event: 7.262 GC heap before
{Heap before GC invocations=3 (full 0):
 garbage-first heap   total 120832K, used 71680K [0x0000000080000000, 0x0000000100000000)
  region size 1024K, 60 young (61440K), 9 survivors (9216K)
 Metaspace       used 21265K, committed 21504K, reserved 491520K
  class space    used 3128K, committed 3264K, reserved 425984K
}
Event: 7.267 GC heap after
{Heap after GC invocations=4 (full 0):
 garbage-first heap   total 120832K, used 23415K [0x0000000080000000, 0x0000000100000000)
  region size 1024K, 3 young (3072K), 3 survivors (3072K)
 Metaspace       used 21265K, committed 21504K, reserved 491520K
  class space    used 3128K, committed 3264K, reserved 425984K
}
Event: 9.088 GC heap before
{Heap before GC invocations=5 (full 0):
 garbage-first heap   total 102400K, used 80759K [0x0000000080000000, 0x0000000100000000)
  region size 1024K, 60 young (61440K), 3 survivors (3072K)
 Metaspace       used 30318K, committed 30656K, reserved 491520K
  class space    used 4272K, committed 4416K, reserved 425984K
}
Event: 9.094 GC heap after
{Heap after GC invocations=6 (full 0):
 garbage-first heap   total 102400K, used 28058K [0x0000000080000000, 0x0000000100000000)
  region size 1024K, 8 young (8192K), 8 survivors (8192K)
 Metaspace       used 30318K, committed 30656K, reserved 491520K
  class space    used 4272K, committed 4416K, reserved 425984K
}

