# JRE version: Java(TM) SE Runtime Environment (17.0.11+7) (build 17.0.11+7-LTS-207)
# Java VM: Java HotSpot(TM) 64-Bit Server VM (17.0.11+7-LTS-207, mixed mode, sharing, tiered, compressed oops, compressed class ptrs, g1 gc, windows-amd64)
GC Precious Log:
 CPUs: 12 total, 12 available
 Memory: 7508M
 Large Page Support: Disabled
 NUMA Support: Disabled
 Compressed Oops: Enabled (32-bit)
 Heap Region Size: 1M
 Heap Min Capacity: 8M
 Heap Initial Capacity: 118M
 Heap Max Capacity: 2G
 Pre-touch: Disabled
 Parallel Workers: 10
 Concurrent Workers: 3
 Concurrent Refinement Workers: 10
 Periodic GC: Disabled
Heap:
 garbage-first heap   total 163840K, used 45295K [0x0000000080000000, 0x0000000100000000)
  region size 1024K, 19 young (19456K), 3 survivors (3072K)
 Metaspace       used 34338K, committed 34752K, reserved 491520K
  class space    used 4742K, committed 4928K, reserved 425984K
GC Heap History (12 events):
Event: 1.014 GC heap before
{Heap before GC invocations=0 (full 0):
 garbage-first heap   total 120832K, used 26624K [0x0000000080000000, 0x0000000100000000)
  region size 1024K, 23 young (23552K), 0 survivors (0K)
 Metaspace       used 3017K, committed 3136K, reserved 491520K
  class space    used 388K, committed 448K, reserved 425984K
}
Event: 1.159 GC heap after
{Heap after GC invocations=1 (full 0):
 garbage-first heap   total 120832K, used 10520K [0x0000000080000000, 0x0000000100000000)
  region size 1024K, 3 young (3072K), 3 survivors (3072K)
 Metaspace       used 3017K, committed 3136K, reserved 491520K
  class space    used 388K, committed 448K, reserved 425984K
}
Event: 1.736 GC heap before
{Heap before GC invocations=1 (full 0):
 garbage-first heap   total 120832K, used 38168K [0x0000000080000000, 0x0000000100000000)
  region size 1024K, 30 young (30720K), 3 survivors (3072K)
 Metaspace       used 3987K, committed 4160K, reserved 491520K
  class space    used 492K, committed 576K, reserved 425984K
}
Event: 1.740 GC heap after
{Heap after GC invocations=2 (full 0):
 garbage-first heap   total 120832K, used 11425K [0x0000000080000000, 0x0000000100000000)
  region size 1024K, 1 young (1024K), 1 survivors (1024K)
 Metaspace       used 3987K, committed 4160K, reserved 491520K
  class space    used 492K, committed 576K, reserved 425984K
}
Event: 6.238 GC heap before
{Heap before GC invocations=2 (full 0):
 garbage-first heap   total 120832K, used 82081K [0x0000000080000000, 0x0000000100000000)
  region size 1024K, 70 young (71680K), 1 survivors (1024K)
 Metaspace       used 14827K, committed 15104K, reserved 491520K
  class space    used 2075K, committed 2240K, reserved 425984K
}
Event: 6.519 GC heap after
{Heap after GC invocations=3 (full 0):
 garbage-first heap   total 120832K, used 20062K [0x0000000080000000, 0x0000000100000000)
  region size 1024K, 9 young (9216K), 9 survivors (9216K)
 Metaspace       used 14827K, committed 15104K, reserved 491520K
  class space    used 2075K, committed 2240K, reserved 425984K
}
Event: 8.492 GC heap before
{Heap before GC invocations=3 (full 0):
 garbage-first heap   total 120832K, used 69214K [0x0000000080000000, 0x0000000100000000)
  region size 1024K, 58 young (59392K), 9 survivors (9216K)
 Metaspace       used 21239K, committed 21504K, reserved 491520K
  class space    used 3126K, committed 3264K, reserved 425984K
}
Event: 8.497 GC heap after
{Heap after GC invocations=4 (full 0):
 garbage-first heap   total 120832K, used 23164K [0x0000000080000000, 0x0000000100000000)
  region size 1024K, 3 young (3072K), 3 survivors (3072K)
 Metaspace       used 21239K, committed 21504K, reserved 491520K
  class space    used 3126K, committed 3264K, reserved 425984K
}
Event: 10.332 GC heap before
{Heap before GC invocations=5 (full 0):
 garbage-first heap   total 102400K, used 80508K [0x0000000080000000, 0x0000000100000000)
  region size 1024K, 60 young (61440K), 3 survivors (3072K)
 Metaspace       used 30378K, committed 30656K, reserved 491520K
  class space    used 4272K, committed 4416K, reserved 425984K
}
Event: 10.338 GC heap after
{Heap after GC invocations=6 (full 0):
 garbage-first heap   total 102400K, used 28092K [0x0000000080000000, 0x0000000100000000)
  region size 1024K, 8 young (8192K), 8 survivors (8192K)
 Metaspace       used 30378K, committed 30656K, reserved 491520K
  class space    used 4272K, committed 4416K, reserved 425984K
}
Event: 112.745 GC heap before
{Heap before GC invocations=7 (full 0):
 garbage-first heap   total 99328K, used 78268K [0x0000000080000000, 0x0000000100000000)
  region size 1024K, 53 young (54272K), 8 survivors (8192K)
 Metaspace       used 33303K, committed 33728K, reserved 491520K
  class space    used 4598K, committed 4800K, reserved 425984K
}
Event: 113.413 GC heap after
{Heap after GC invocations=8 (full 0):
 garbage-first heap   total 163840K, used 29935K [0x0000000080000000, 0x0000000100000000)
  region size 1024K, 3 young (3072K), 3 survivors (3072K)
 Metaspace       used 33303K, committed 33728K, reserved 491520K
  class space    used 4598K, committed 4800K, reserved 425984K
}

